Change Component Footprint: Designator=C3 Old Footprint=CAPC0402(1005)60_L New Footprint=CAPC1608X90X40NL10T20
Change Component Footprint: Designator=C4 Old Footprint=CAPC0402(1005)60_L New Footprint=CAPC1608X90X40NL10T20
Change Component Comment : Designator=C3 Old Comment=Capacitor 100nF +/-20% 50V 0402 New Comment=Capacitor 100 nF +/-10% 50 V 0603
Change Component Comment : Designator=C4 Old Comment=Capacitor 100nF +/-20% 50V 0402 New Comment=Capacitor 100 nF +/-10% 50 V 0603
Change Component Designator: OldDesignator=5V NewDesignator=DS2
Change Component Designator: OldDesignator=12V NewDesignator=DS1
Change Managed Component Library Link : Designator=C3 Old VaultGUID=45D65668-4753-416C-A90D-62F74200805E New VaultGUID=45D65668-4753-416C-A90D-62F74200805E Old ItemGUID=0B356E32-71BE-4129-B923-597C4BCA9BCC New ItemGUID=856E8618-2922-4D18-9B19-959937C10C36 Old RevisionGUID=B16EDA25-77E7-49D1-A0DA-D95C8E3C4A2A New RevisionGUID=F41E85DF-7D25-47F9-BA98-1B28BFF222D0
Change Managed Component Library Link : Designator=C4 Old VaultGUID=45D65668-4753-416C-A90D-62F74200805E New VaultGUID=45D65668-4753-416C-A90D-62F74200805E Old ItemGUID=0B356E32-71BE-4129-B923-597C4BCA9BCC New ItemGUID=856E8618-2922-4D18-9B19-959937C10C36 Old RevisionGUID=B16EDA25-77E7-49D1-A0DA-D95C8E3C4A2A New RevisionGUID=F41E85DF-7D25-47F9-BA98-1B28BFF222D0
Change component parameters: Designator = "C3" ("C3"); Footprint = "CAPC0402(1005)60_L"; UniqueID = "\QCULSLBD" ("\QCULSLBD")
Change component parameters (AddParameter): Name = "Capacitor Type"; Value = "Ceramic"; VariantName = "[No Variations]"
Change component parameters (AddParameter): Name = "Case/Package"; Value = "0603"; VariantName = "[No Variations]"
Change component parameters (AddParameter): Name = "Max Operating Temperature"; Value = "125°C"; VariantName = "[No Variations]"
Change component parameters (AddParameter): Name = "Min Operating Temperature"; Value = "-55°C"; VariantName = "[No Variations]"
Change component parameters (AddParameter): Name = "Mounting Technology"; Value = "SM"; VariantName = "[No Variations]"
Change component parameters (AddParameter): Name = "Pins"; Value = "2"; VariantName = "[No Variations]"
Change component parameters (AddParameter): Name = "Ripple Current"; Value = ""; VariantName = "[No Variations]"
Change component parameters (AddParameter): Name = "Ripple Current (AC)"; Value = ""; VariantName = "[No Variations]"
Change component parameters (AddParameter): Name = "RoHS Compliant"; Value = "True"; VariantName = "[No Variations]"
Change component parameters (AddParameter): Name = "Tolerance"; Value = "10%"; VariantName = "[No Variations]"
Change component parameters (AddParameter): Name = "Value"; Value = "100nF"; VariantName = "[No Variations]"
Change component parameters (AddParameter): Name = "Voltage Rating"; Value = "50V"; VariantName = "[No Variations]"
Change component parameters: Designator = "C4" ("C4"); Footprint = "CAPC0402(1005)60_L"; UniqueID = "\YTWDXGGI" ("\YTWDXGGI")
Change component parameters (AddParameter): Name = "Capacitor Type"; Value = "Ceramic"; VariantName = "[No Variations]"
Change component parameters (AddParameter): Name = "Case/Package"; Value = "0603"; VariantName = "[No Variations]"
Change component parameters (AddParameter): Name = "Max Operating Temperature"; Value = "125°C"; VariantName = "[No Variations]"
Change component parameters (AddParameter): Name = "Min Operating Temperature"; Value = "-55°C"; VariantName = "[No Variations]"
Change component parameters (AddParameter): Name = "Mounting Technology"; Value = "SM"; VariantName = "[No Variations]"
Change component parameters (AddParameter): Name = "Pins"; Value = "2"; VariantName = "[No Variations]"
Change component parameters (AddParameter): Name = "Ripple Current"; Value = ""; VariantName = "[No Variations]"
Change component parameters (AddParameter): Name = "Ripple Current (AC)"; Value = ""; VariantName = "[No Variations]"
Change component parameters (AddParameter): Name = "RoHS Compliant"; Value = "True"; VariantName = "[No Variations]"
Change component parameters (AddParameter): Name = "Tolerance"; Value = "10%"; VariantName = "[No Variations]"
Change component parameters (AddParameter): Name = "Value"; Value = "100nF"; VariantName = "[No Variations]"
Change component parameters (AddParameter): Name = "Voltage Rating"; Value = "50V"; VariantName = "[No Variations]"
Added Member To Class: ClassName=IO Member=Component DS2 HSMA-C190
