Removed Pin From Net: NetName=GND Pin=C3-1
Removed Pin From Net: NetName=GND Pin=C4-1
Removed Pin From Net: NetName=GND Pin=D3-1
Removed Pin From Net: NetName=GND Pin=D4-1
Removed Pin From Net: NetName=GND Pin=D7-1
Removed Pin From Net: NetName=GND Pin=D8-1
Removed Pin From Net: NetName=GND Pin=U3-1
Removed Pin From Net: NetName=GND Pin=U3-8
Removed Pin From Net: NetName=GND Pin=U3-15
Removed Pin From Net: NetName=GND Pin=U4-1
Removed Pin From Net: NetName=GND Pin=U4-8
Removed Pin From Net: NetName=GND Pin=U4-15
Added Pin To Net: NetName=PGND Pin=C3-1
Added Pin To Net: NetName=PGND Pin=C4-1
Added Pin To Net: NetName=PGND Pin=D3-1
Added Pin To Net: NetName=PGND Pin=D4-1
Added Pin To Net: NetName=PGND Pin=D7-1
Added Pin To Net: NetName=PGND Pin=D8-1
Added Pin To Net: NetName=PGND Pin=U3-1
Added Pin To Net: NetName=PGND Pin=U3-8
Added Pin To Net: NetName=PGND Pin=U3-15
Added Pin To Net: NetName=PGND Pin=U4-1
Added Pin To Net: NetName=PGND Pin=U4-8
Added Pin To Net: NetName=PGND Pin=U4-15
