Removed Pin From Net: NetName=MotorA+ Pin=J2-1
Removed Pin From Net: NetName=MotorA- Pin=J2-2
Removed Pin From Net: NetName=MotorB+ Pin=J3-1
Removed Pin From Net: NetName=MotorB- Pin=J3-2
Removed Member From Class: ClassName=IO Member=J2
Removed Member From Class: ClassName=IO Member=J4
Change Component Designator: OldDesignator=J4 NewDesignator=J3
Add Component: Footprint Not Found TE_1-640456-2
Added Component: Designator=P3(FCI-68021-210HLF-10_V)
Add component (AddParameter): Name = "Case/Package"; Value = "68021-210HLF-10"; VariantName = "[No Variations]"
Add component (AddParameter): Name = "Connector Type"; Value = "Header"; VariantName = "[No Variations]"
Add component (AddParameter): Name = "Datasheet URL"; Value = "http://portal.fciconnect.com/Comergent//fci/drawing/68020.pdf"; VariantName = "[No Variations]"
Add component (AddParameter): Name = "Datasheet Version"; Value = "Rev. BM, 04/2015"; VariantName = "[No Variations]"
Add component (AddParameter): Name = "Gender"; Value = "Male"; VariantName = "[No Variations]"
Add component (AddParameter): Name = "Manufacturer"; Value = "FCI Electronics"; VariantName = "[No Variations]"
Add component (AddParameter): Name = "Manufacturer URL"; Value = "http://portal.fciconnect.com/"; VariantName = "[No Variations]"
Add component (AddParameter): Name = "Max Current Rating"; Value = ""; VariantName = "[No Variations]"
Add component (AddParameter): Name = "Max Operating Temperature"; Value = ""; VariantName = "[No Variations]"
Add component (AddParameter): Name = "Min Operating Temperature"; Value = ""; VariantName = "[No Variations]"
Add component (AddParameter): Name = "Mounting Technology"; Value = "TH"; VariantName = "[No Variations]"
Add component (AddParameter): Name = "Package Description"; Value = "Male Header, Pitch 2.54 mm, 2 x 5 Position, Height 4.83 mm, Tail Length 3.05 mm"; VariantName = "[No Variations]"
Add component (AddParameter): Name = "Package Reference"; Value = "68021-210HLF-10"; VariantName = "[No Variations]"
Add component (AddParameter): Name = "Pins"; Value = ""; VariantName = "[No Variations]"
Add component (AddParameter): Name = "RoHS Compliant"; Value = "Unknown"; VariantName = "[No Variations]"
Add component (AddParameter): Name = "Voltage Rating"; Value = ""; VariantName = "[No Variations]"
Add Pin To Net: Unknown Pin: Pin J?-3
Add Pin To Net: Unknown Pin: Pin J?-4
Add Pin To Net: Unknown Pin: Pin J?-5
Add Pin To Net: Unknown Pin: Pin J?-6
Add Pin To Net: Unknown Pin: Pin J?-9
Add Pin To Net: Unknown Pin: Pin J?-10
Add Pin To Net: Unknown Pin: Pin J?-11
Add Pin To Net: Unknown Pin: Pin J?-12
Added Pin To Net: NetName=Encoder A A Pin=U2-3
Added Net: Name=Encoder A A
Added Pin To Net: NetName=Encoder A B Pin=U2-9
Added Net: Name=Encoder A B
Added Pin To Net: NetName=Encoder B A Pin=U2-10
Added Net: Name=Encoder B A
Added Pin To Net: NetName=Encoder B B Pin=U2-11
Added Net: Name=Encoder B B
Added Pin To Net: NetName=NetP3_1 Pin=P3-1
Added Pin To Net: NetName=NetP3_1 Pin=U2-1
Added Net: Name=NetP3_1
Added Pin To Net: NetName=NetP3_2 Pin=P3-2
Added Pin To Net: NetName=NetP3_2 Pin=U2-14
Added Net: Name=NetP3_2
Added Pin To Net: NetName=NetP3_3 Pin=P3-3
Added Pin To Net: NetName=NetP3_3 Pin=U2-15
Added Net: Name=NetP3_3
Added Pin To Net: NetName=NetP3_4 Pin=P3-4
Added Pin To Net: NetName=NetP3_4 Pin=U2-19
Added Net: Name=NetP3_4
Added Pin To Net: NetName=NetP3_5 Pin=P3-5
Added Pin To Net: NetName=NetP3_5 Pin=U2-23
Added Net: Name=NetP3_5
Added Pin To Net: NetName=NetP3_6 Pin=P3-6
Added Pin To Net: NetName=NetP3_6 Pin=U2-20
Added Net: Name=NetP3_6
Added Pin To Net: NetName=NetP3_7 Pin=P3-7
Added Pin To Net: NetName=NetP3_7 Pin=U2-24
Added Net: Name=NetP3_7
Added Pin To Net: NetName=NetP3_8 Pin=P3-8
Added Pin To Net: NetName=NetP3_8 Pin=U2-22
Added Net: Name=NetP3_8
Added Pin To Net: NetName=NetP3_9 Pin=P3-9
Added Pin To Net: NetName=NetP3_9 Pin=U2-25
Added Net: Name=NetP3_9
Added Pin To Net: NetName=NetP3_10 Pin=P3-10
Added Pin To Net: NetName=NetP3_10 Pin=U2-21
Added Net: Name=NetP3_10
Add Class Member: Failed to add class member : Component J? 1-640456-2
Added Member To Class: ClassName=Microcontroller Member=Component P3 68021-210HLF
