Change Component Designator: OldDesignator=P3 NewDesignator=P1
Add Component: Footprint Not Found TE_1-640456-2
Add Pin To Net: Unknown Pin: Pin J2-1
Add Pin To Net: Unknown Pin: Pin J2-2
Add Pin To Net: Unknown Pin: Pin J2-3
Add Pin To Net: Unknown Pin: Pin J2-4
Add Pin To Net: Unknown Pin: Pin J2-5
Add Pin To Net: Unknown Pin: Pin J2-6
Add Pin To Net: Unknown Pin: Pin J2-7
Add Pin To Net: Unknown Pin: Pin J2-8
Add Pin To Net: Unknown Pin: Pin J2-9
Add Pin To Net: Unknown Pin: Pin J2-10
Add Pin To Net: Unknown Pin: Pin J2-11
Add Pin To Net: Unknown Pin: Pin J2-12
Change Net Name : Old Net Name=NetP3_1 New Net Name=NetP1_1
Change Net Name : Old Net Name=NetP3_2 New Net Name=NetP1_2
Change Net Name : Old Net Name=NetP3_3 New Net Name=NetP1_3
Change Net Name : Old Net Name=NetP3_4 New Net Name=NetP1_4
Change Net Name : Old Net Name=NetP3_5 New Net Name=NetP1_5
Change Net Name : Old Net Name=NetP3_6 New Net Name=NetP1_6
Change Net Name : Old Net Name=NetP3_7 New Net Name=NetP1_7
Change Net Name : Old Net Name=NetP3_8 New Net Name=NetP1_8
Change Net Name : Old Net Name=NetP3_9 New Net Name=NetP1_9
Change Net Name : Old Net Name=NetP3_10 New Net Name=NetP1_10
Add Class Member: Failed to add class member : Component J2 1-640456-2
Added Member To Class: ClassName=IO Member=Component J3 C-Pwr
